<?xml version="1.0" encoding="UTF-8"?>
<testsuite xmlns:xsi="http://www.w3.org/2001/XMLSchema-instance" xsi:noNamespaceSchemaLocation="https://maven.apache.org/surefire/maven-surefire-plugin/xsd/surefire-test-report.xsd" name="TestSuite" time="97.089" tests="2" errors="0" skipped="0" failures="1">
  <properties>
[...]
</properties>
  <testcase name="validate_first_link" classname="test.validateSearchPageContentTest" time="79.883">
    <failure message="expected [Welcome to Python.org] but found [Learn Python Today - Start Learning Today]" type="java.lang.AssertionError">java.lang.AssertionError: expected [Welcome to Python.org] but found [Learn Python Today - Start Learning Today]
	at test.validateSearchPageContentTest.validate_first_link(validateSearchPageContentTest.java:75)
</failure>
    <system-out><![CDATA[bing_engine
bing_engine
By.xpath: //*[@aria-label='Enter your search term']
Expected result is Welcome to Python.org
Actual result is Learn Python Today - Start Learning Today
False, test case Failed]]></system-out>
    <system-err><![CDATA[SLF4J: Failed to load class "org.slf4j.impl.StaticLoggerBinder".
SLF4J: Defaulting to no-operation (NOP) logger implementation
SLF4J: See http://www.slf4j.org/codes.html#StaticLoggerBinder for further details.
Starting ChromeDriver 97.0.4692.71 (adefa7837d02a07a604c1e6eff0b3a09422ab88d-refs/branch-heads/4692@{#1247}) on port 31566
Only local connections are allowed.
Please see https://chromedriver.chromium.org/security-considerations for suggestions on keeping ChromeDriver safe.
ChromeDriver was started successfully.
Feb 03, 2022 11:52:09 PM org.openqa.selenium.remote.ProtocolHandshake createSession
INFO: Detected dialect: W3C
[1643912547.318][SEVERE]: Timed out receiving message from renderer: 10.000
[1643912547.318][WARNING]: screenshot failed, retrying timeout: Timed out receiving message from renderer: 10.000
[1643912557.318][SEVERE]: Timed out receiving message from renderer: 10.000
[1643912567.325][SEVERE]: Timed out receiving message from renderer: 10.000
[1643912567.325][WARNING]: screenshot failed, retrying timeout: Timed out receiving message from renderer: 10.000
[1643912577.325][SEVERE]: Timed out receiving message from renderer: 10.000
[1643912604.877][SEVERE]: Timed out receiving message from renderer: 10.000
[1643912604.878][WARNING]: screenshot failed, retrying timeout: Timed out receiving message from renderer: 10.000
]]></system-err>
  </testcase>
  <testcase name="validate_first_link" classname="test.validateSearchPageContentTest" time="5.431"/>
</testsuite>