<?xml version="1.0" encoding="UTF-8"?>
<testng-results skipped="0" failed="0" ignored="0" total="1" passed="1">
  <reporter-output>
  </reporter-output>
  <suite name="Suite" duration-ms="47808" started-at="2022-01-26T23:15:56 IST" finished-at="2022-01-26T23:16:44 IST">
    <groups>
    </groups>
    <test name="Validating first Searched Link Text via search engine" duration-ms="47808" started-at="2022-01-26T23:15:56 IST" finished-at="2022-01-26T23:16:44 IST">
      <class name="test.validateSearchPageContentTest">
        <test-method status="PASS" signature="initialize()[pri:0, instance:test.validateSearchPageContentTest@644baf4a]" name="initialize" is-config="true" duration-ms="7576" started-at="2022-01-26T23:15:56 IST" finished-at="2022-01-26T23:16:03 IST">
          <reporter-output>
          </reporter-output>
        </test-method> <!-- initialize -->
        <test-method status="PASS" signature="validate_first_link(java.lang.String,java.lang.String)[pri:0, instance:test.validateSearchPageContentTest@644baf4a]" name="validate_first_link" duration-ms="38136" started-at="2022-01-26T23:16:04 IST" data-provider="getData" finished-at="2022-01-26T23:16:42 IST">
          <params>
            <param index="0">
              <value>
                <![CDATA[Python]]>
              </value>
            </param>
            <param index="1">
              <value>
                <![CDATA[Welcome to Python.org]]>
              </value>
            </param>
          </params>
          <reporter-output>
          </reporter-output>
        </test-method> <!-- validate_first_link -->
        <test-method status="PASS" signature="teardown()[pri:0, instance:test.validateSearchPageContentTest@644baf4a]" name="teardown" is-config="true" duration-ms="2011" started-at="2022-01-26T23:16:42 IST" finished-at="2022-01-26T23:16:44 IST">
          <reporter-output>
          </reporter-output>
        </test-method> <!-- teardown -->
      </class> <!-- test.validateSearchPageContentTest -->
    </test> <!-- Validating first Searched Link Text via search engine -->
  </suite> <!-- Suite -->
</testng-results>
